2021-03-12 10:23 [35mhttp[39m: [35mGET /api/v1/ping 200 19 - 2.643 ms[39m
[35m[39m
2021-03-12 10:23 [35mhttp[39m: [35mGET /api/v1/ping 200 19 - 0.414 ms[39m
[35m[39m
2021-03-12 10:26 [32minfo[39m: [32mBack-end server listening on port 8000 @development mode[39m
2021-03-12 10:27 [34minfo[39m: [34mBack-end server listening on port 8000 @development mode[39m
2021-03-12 10:27 [36minfo[39m: [36mBack-end server listening on port 8000 @development mode[39m
2021-03-12 10:27 [36minfo[39m: [36mBack-end server listening on port 8000 @development mode[39m
2021-03-12 10:27 [36minfo[39m: [36mBack-end server listening on port 8000 @development mode[39m
2021-03-12 10:28 [36minfo[39m: [36mBack-end server listening on port 8000 @development mode[39m
2021-03-12 10:29 [36minfo[39m: [36mBack-end server listening on port 8000 @development mode[39m
2021-03-12 10:30 [36minfo[39m: [36mBack-end server listening on port 8000 @development mode[39m
2021-03-12 10:30 [36minfo[39m: [36mBack-end server listening on port 8000 @development mode[39m
2021-03-12 10:30 [36minfo[39m: [36mBack-end server listening on port 8000 @development mode[39m
2021-03-12 10:31 [36minfo[39m: [36mBack-end server listening on port 8000 @development mode[39m
2021-03-12 10:32 [36minfo[39m: [36mBack-end server listening on port 8000 @development mode[39m
2021-03-12 11:25 [35mhttp[39m: [35mGET /api/v1/ping/1 404 58 - 2.716 ms[39m
[35m[39m
2021-03-12 11:26 [36minfo[39m: [36mBack-end server listening on port 8000 @development mode[39m
2021-03-12 11:26 [35mhttp[39m: [35mGET /api/v1/ping 200 19 - 3.127 ms[39m
[35m[39m
2021-03-12 11:26 [35mhttp[39m: [35mGET /api/v1/ping/1 404 58 - 0.954 ms[39m
[35m[39m
2021-03-12 11:26 [35mhttp[39m: [35mGET /api/v1/ping/ 200 19 - 0.352 ms[39m
[35m[39m
2021-03-12 11:26 [35mhttp[39m: [35mGET /api/v1/ping 200 19 - 0.587 ms[39m
[35m[39m
2021-03-12 11:27 [36minfo[39m: [36mBack-end server listening on port 8000 @development mode[39m
